<assembly xmlns="http://maven.apache.org/ASSEMBLY/2.2.0"
          xmlns:xsi="http://www.w3.org/2001/XMLSchema-instance"
          xsi:schemaLocation="http://maven.apache.org/ASSEMBLY/2.2.0 http://maven.apache.org/xsd/assembly-2.2.0.xsd">
    <id>test-jar</id>
    <formats>
        <format>jar</format>
    </formats>
    <includeBaseDirectory>false</includeBaseDirectory>

    <dependencySets>
        <dependencySet>
            <outputDirectory>/</outputDirectory>
            <useProjectArtifact>true</useProjectArtifact>
            <unpack>true</unpack>
            <scope>runtime</scope>
        </dependencySet>

        <dependencySet>
            <outputDirectory>/</outputDirectory>
            <useProjectArtifact>true</useProjectArtifact>
            <unpack>true</unpack>
            <scope>test</scope>
        </dependencySet>
    </dependencySets>

    <fileSets>
        <fileSet>
            <directory>target/test-classes</directory>
            <outputDirectory>/</outputDirectory>
        </fileSet>
        <fileSet>
            <directory>src/test/resources</directory>
            <outputDirectory>/</outputDirectory>
            <includes>
                <include>**/*.xml</include>
            </includes>
        </fileSet>
    </fileSets>
</assembly>

